<?xml version="1.0" encoding="UTF-8"?>
<testsuite xmlns:xsi="http://www.w3.org/2001/XMLSchema-instance" xsi:noNamespaceSchemaLocation="https://maven.apache.org/surefire/maven-surefire-plugin/xsd/surefire-test-report-3.0.xsd" version="3.0" name="com.project.pr13.PR132MainTest" time="0.417" tests="5" errors="5" skipped="0" failures="0">
  <properties>
[...]
</properties>
  <testcase name="testLlistarCursos" classname="com.project.pr13.PR132MainTest" time="0.289">
    <error type="java.lang.NullPointerException"><![CDATA[java.lang.NullPointerException: Cannot invoke "java.util.List.size()" because "cursos" is null
	at com.project.pr13.PR132MainTest.testLlistarCursos(PR132MainTest.java:68)
]]></error>
  </testcase>
  <testcase name="testLlistarAlumnes" classname="com.project.pr13.PR132MainTest" time="0.012">
    <error type="java.lang.NullPointerException"><![CDATA[java.lang.NullPointerException: Cannot invoke "java.util.List.contains(Object)" because "alumnes" is null
	at com.project.pr13.PR132MainTest.testLlistarAlumnes(PR132MainTest.java:87)
]]></error>
  </testcase>
  <testcase name="testAfegirAlumne" classname="com.project.pr13.PR132MainTest" time="0.014">
    <error type="java.lang.NullPointerException"><![CDATA[java.lang.NullPointerException: Cannot invoke "java.util.List.contains(Object)" because "alumnes" is null
	at com.project.pr13.PR132MainTest.testAfegirAlumne(PR132MainTest.java:98)
]]></error>
  </testcase>
  <testcase name="testEliminarAlumne" classname="com.project.pr13.PR132MainTest" time="0.009">
    <error type="java.lang.NullPointerException"><![CDATA[java.lang.NullPointerException: Cannot invoke "java.util.List.contains(Object)" because "alumnes" is null
	at com.project.pr13.PR132MainTest.testEliminarAlumne(PR132MainTest.java:108)
]]></error>
  </testcase>
  <testcase name="testMostrarModuls" classname="com.project.pr13.PR132MainTest" time="0.006">
    <error type="java.lang.NullPointerException"><![CDATA[java.lang.NullPointerException: Cannot invoke "java.util.List.size()" because "moduls" is null
	at com.project.pr13.PR132MainTest.testMostrarModuls(PR132MainTest.java:79)
]]></error>
  </testcase>
</testsuite>